Thu Jun 16 16:39:08 CEST 2016 : Server di rete Apache Derby: 10.11.1.2 - (1629631) avviato e pronto ad accettare connessioni sulla porta 1527
----------------------------------------------------------------
Thu Jun 16 16:39:10 CEST 2016:
Avvio della versione di Derby The Apache Software Foundation - Apache Derby - 10.11.1.2 - (1629631): istanza a816c00e-0155-59a6-bf1f-ffffbab43418
sulla directory di database /root/NetBeansProjects/AMM_2016/AMMProgettoFinale/web/WEB-INF/db/ammdb con caricatore classi sun.misc.Launcher$AppClassLoader@1d44bcfa 
Caricato da file:/usr/lib/jvm/java-8-oracle/db/lib/derby.jar
java.vendor=Oracle Corporation
java.runtime.version=1.8.0_91-b14
user.dir=/usr/lib/jvm/java-8-oracle/db
os.name=Linux
os.arch=amd64
os.version=4.3.0-kali1-amd64
derby.system.home=/root/NetBeansProjects/AMM_2016/AMMProgettoFinale/web/WEB-INF/db
Programma di caricamento classe database avviato - derby.database.classpath=''
----------------------------------------------------------------
Thu Jun 16 16:39:21 CEST 2016:
Arresto dell'istanza a816c00e-0155-59a6-bf1f-ffffbab43418 nella directory del database /root/NetBeansProjects/AMM_2016/AMMProgettoFinale/web/WEB-INF/db/ammdb con il caricatore di classi sun.misc.Launcher$AppClassLoader@1d44bcfa 
Thu Jun 16 16:39:21 CEST 2016 Thread[DRDAConnThread_3,5,main] (DATABASE = ammdb), (DRDAID = {2}), Chiusura del database 'ammdb'.
----------------------------------------------------------------
Thu Jun 16 16:39:47 CEST 2016:
Avvio della versione di Derby The Apache Software Foundation - Apache Derby - 10.11.1.2 - (1629631): istanza a65c80ac-0155-59a6-bf1f-ffffbab43418
sulla directory di database /root/NetBeansProjects/AMM_2016/AMMProgettoFinale/web/WEB-INF/db/ammdb con caricatore classi sun.misc.Launcher$AppClassLoader@1d44bcfa 
Caricato da file:/usr/lib/jvm/java-8-oracle/db/lib/derby.jar
java.vendor=Oracle Corporation
java.runtime.version=1.8.0_91-b14
user.dir=/usr/lib/jvm/java-8-oracle/db
os.name=Linux
os.arch=amd64
os.version=4.3.0-kali1-amd64
derby.system.home=/root/NetBeansProjects/AMM_2016/AMMProgettoFinale/web/WEB-INF/db
Programma di caricamento classe database avviato - derby.database.classpath=''
